<?xml version="1.0" encoding="UTF-8"?>
<testng-results ignored="0" total="4" passed="4" failed="0" skipped="0">
  <reporter-output>
  </reporter-output>
  <suite started-at="2024-11-28T17:26:31 IST" name="Automation Suite" finished-at="2024-11-28T17:30:55 IST" duration-ms="263834">
    <groups>
    </groups>
    <test started-at="2024-11-28T17:26:31 IST" name="CreateLeadTest" finished-at="2024-11-28T17:30:55 IST" duration-ms="263834">
      <class name="testcases.TC004_DeleteLead">
        <test-method is-config="true" signature="setData()[pri:0, instance:testcases.TC004_DeleteLead@3e27aa33]" started-at="2024-11-28T17:26:31 IST" name="setData" finished-at="2024-11-28T17:26:31 IST" duration-ms="0" status="PASS">
          <reporter-output>
          </reporter-output>
        </test-method> <!-- setData -->
        <test-method is-config="true" signature="preCondition(java.lang.String,java.lang.String)[pri:0, instance:testcases.TC004_DeleteLead@3e27aa33]" started-at="2024-11-28T17:29:56 IST" name="preCondition" finished-at="2024-11-28T17:30:13 IST" duration-ms="17372" status="PASS">
          <params>
            <param index="0">
              <value>
                <![CDATA[SELENIUM]]>
              </value>
            </param>
            <param index="1">
              <value>
                <![CDATA[CHROME]]>
              </value>
            </param>
          </params>
          <reporter-output>
          </reporter-output>
        </test-method> <!-- preCondition -->
        <test-method is-config="true" signature="init()[pri:0, instance:testcases.TC004_DeleteLead@3e27aa33]" started-at="2024-11-28T17:30:13 IST" name="init" finished-at="2024-11-28T17:30:37 IST" duration-ms="24115" status="PASS">
          <reporter-output>
          </reporter-output>
        </test-method> <!-- init -->
        <test-method signature="runDeleteLead(java.lang.String)[pri:0, instance:testcases.TC004_DeleteLead@3e27aa33]" started-at="2024-11-28T17:30:37 IST" name="runDeleteLead" data-provider="fetchData" finished-at="2024-11-28T17:30:45 IST" duration-ms="8040" status="PASS">
          <params>
            <param index="0">
              <value>
                <![CDATA[99]]>
              </value>
            </param>
          </params>
          <reporter-output>
          </reporter-output>
        </test-method> <!-- runDeleteLead -->
        <test-method is-config="true" signature="tearDown()[pri:0, instance:testcases.TC004_DeleteLead@3e27aa33]" started-at="2024-11-28T17:30:45 IST" name="tearDown" finished-at="2024-11-28T17:30:55 IST" duration-ms="9295" status="PASS">
          <reporter-output>
          </reporter-output>
        </test-method> <!-- tearDown -->
        <test-method is-config="true" signature="postCondition()[pri:0, instance:testcases.TC004_DeleteLead@3e27aa33]" started-at="2024-11-28T17:30:55 IST" name="postCondition" finished-at="2024-11-28T17:30:55 IST" duration-ms="15" status="PASS">
          <reporter-output>
          </reporter-output>
        </test-method> <!-- postCondition -->
      </class> <!-- testcases.TC004_DeleteLead -->
      <class name="testcases.TC001_CreateLead">
        <test-method is-config="true" signature="setData()[pri:0, instance:testcases.TC001_CreateLead@25641d39]" started-at="2024-11-28T17:26:31 IST" name="setData" finished-at="2024-11-28T17:26:31 IST" duration-ms="28" status="PASS">
          <reporter-output>
          </reporter-output>
        </test-method> <!-- setData -->
        <test-method is-config="true" signature="preCondition(java.lang.String,java.lang.String)[pri:0, instance:testcases.TC001_CreateLead@25641d39]" started-at="2024-11-28T17:26:32 IST" name="preCondition" finished-at="2024-11-28T17:26:52 IST" duration-ms="19902" status="PASS">
          <params>
            <param index="0">
              <value>
                <![CDATA[SELENIUM]]>
              </value>
            </param>
            <param index="1">
              <value>
                <![CDATA[CHROME]]>
              </value>
            </param>
          </params>
          <reporter-output>
          </reporter-output>
        </test-method> <!-- preCondition -->
        <test-method is-config="true" signature="init()[pri:0, instance:testcases.TC001_CreateLead@25641d39]" started-at="2024-11-28T17:26:52 IST" name="init" finished-at="2024-11-28T17:27:18 IST" duration-ms="25922" status="PASS">
          <reporter-output>
          </reporter-output>
        </test-method> <!-- init -->
        <test-method signature="runCreateLead(java.lang.String,java.lang.String,java.lang.String,java.lang.String)[pri:0, instance:testcases.TC001_CreateLead@25641d39]" started-at="2024-11-28T17:27:18 IST" name="runCreateLead" data-provider="fetchData" finished-at="2024-11-28T17:27:24 IST" duration-ms="6335" status="PASS">
          <params>
            <param index="0">
              <value>
                <![CDATA[Qeagle]]>
              </value>
            </param>
            <param index="1">
              <value>
                <![CDATA[Hari]]>
              </value>
            </param>
            <param index="2">
              <value>
                <![CDATA[R]]>
              </value>
            </param>
            <param index="3">
              <value>
                <![CDATA[99]]>
              </value>
            </param>
          </params>
          <reporter-output>
          </reporter-output>
        </test-method> <!-- runCreateLead -->
        <test-method is-config="true" signature="tearDown()[pri:0, instance:testcases.TC001_CreateLead@25641d39]" started-at="2024-11-28T17:27:24 IST" name="tearDown" finished-at="2024-11-28T17:27:37 IST" duration-ms="12493" status="PASS">
          <reporter-output>
          </reporter-output>
        </test-method> <!-- tearDown -->
        <test-method is-config="true" signature="postCondition()[pri:0, instance:testcases.TC001_CreateLead@25641d39]" started-at="2024-11-28T17:27:37 IST" name="postCondition" finished-at="2024-11-28T17:27:37 IST" duration-ms="3" status="PASS">
          <reporter-output>
          </reporter-output>
        </test-method> <!-- postCondition -->
      </class> <!-- testcases.TC001_CreateLead -->
      <class name="testcases.TC003_DuplicateLead">
        <test-method is-config="true" signature="setData()[pri:0, instance:testcases.TC003_DuplicateLead@5ab956d7]" started-at="2024-11-28T17:26:31 IST" name="setData" finished-at="2024-11-28T17:26:31 IST" duration-ms="0" status="PASS">
          <reporter-output>
          </reporter-output>
        </test-method> <!-- setData -->
        <test-method is-config="true" signature="preCondition(java.lang.String,java.lang.String)[pri:0, instance:testcases.TC003_DuplicateLead@5ab956d7]" started-at="2024-11-28T17:28:26 IST" name="preCondition" finished-at="2024-11-28T17:28:59 IST" duration-ms="32507" status="PASS">
          <params>
            <param index="0">
              <value>
                <![CDATA[SELENIUM]]>
              </value>
            </param>
            <param index="1">
              <value>
                <![CDATA[CHROME]]>
              </value>
            </param>
          </params>
          <reporter-output>
          </reporter-output>
        </test-method> <!-- preCondition -->
        <test-method is-config="true" signature="init()[pri:0, instance:testcases.TC003_DuplicateLead@5ab956d7]" started-at="2024-11-28T17:28:59 IST" name="init" finished-at="2024-11-28T17:29:20 IST" duration-ms="21122" status="PASS">
          <reporter-output>
          </reporter-output>
        </test-method> <!-- init -->
        <test-method signature="runDuplicateLead(java.lang.String)[pri:0, instance:testcases.TC003_DuplicateLead@5ab956d7]" started-at="2024-11-28T17:29:20 IST" name="runDuplicateLead" data-provider="fetchData" finished-at="2024-11-28T17:29:31 IST" duration-ms="11446" status="PASS">
          <params>
            <param index="0">
              <value>
                <![CDATA[99]]>
              </value>
            </param>
          </params>
          <reporter-output>
          </reporter-output>
        </test-method> <!-- runDuplicateLead -->
        <test-method is-config="true" signature="tearDown()[pri:0, instance:testcases.TC003_DuplicateLead@5ab956d7]" started-at="2024-11-28T17:29:31 IST" name="tearDown" finished-at="2024-11-28T17:29:56 IST" duration-ms="24592" status="PASS">
          <reporter-output>
          </reporter-output>
        </test-method> <!-- tearDown -->
        <test-method is-config="true" signature="postCondition()[pri:0, instance:testcases.TC003_DuplicateLead@5ab956d7]" started-at="2024-11-28T17:29:56 IST" name="postCondition" finished-at="2024-11-28T17:29:56 IST" duration-ms="6" status="PASS">
          <reporter-output>
          </reporter-output>
        </test-method> <!-- postCondition -->
      </class> <!-- testcases.TC003_DuplicateLead -->
      <class name="testcases.TC002_EditLead">
        <test-method is-config="true" signature="setData()[pri:0, instance:testcases.TC002_EditLead@4145bad8]" started-at="2024-11-28T17:26:31 IST" name="setData" finished-at="2024-11-28T17:26:31 IST" duration-ms="4" status="PASS">
          <reporter-output>
          </reporter-output>
        </test-method> <!-- setData -->
        <test-method is-config="true" signature="preCondition(java.lang.String,java.lang.String)[pri:0, instance:testcases.TC002_EditLead@4145bad8]" started-at="2024-11-28T17:27:37 IST" name="preCondition" finished-at="2024-11-28T17:27:45 IST" duration-ms="7975" status="PASS">
          <params>
            <param index="0">
              <value>
                <![CDATA[SELENIUM]]>
              </value>
            </param>
            <param index="1">
              <value>
                <![CDATA[CHROME]]>
              </value>
            </param>
          </params>
          <reporter-output>
          </reporter-output>
        </test-method> <!-- preCondition -->
        <test-method is-config="true" signature="init()[pri:0, instance:testcases.TC002_EditLead@4145bad8]" started-at="2024-11-28T17:27:45 IST" name="init" finished-at="2024-11-28T17:28:09 IST" duration-ms="24625" status="PASS">
          <reporter-output>
          </reporter-output>
        </test-method> <!-- init -->
        <test-method signature="runEditLead(java.lang.String,java.lang.String)[pri:0, instance:testcases.TC002_EditLead@4145bad8]" started-at="2024-11-28T17:28:09 IST" name="runEditLead" data-provider="fetchData" finished-at="2024-11-28T17:28:19 IST" duration-ms="9313" status="PASS">
          <params>
            <param index="0">
              <value>
                <![CDATA[Babu]]>
              </value>
            </param>
            <param index="1">
              <value>
                <![CDATA[Qeagle]]>
              </value>
            </param>
          </params>
          <reporter-output>
          </reporter-output>
        </test-method> <!-- runEditLead -->
        <test-method is-config="true" signature="tearDown()[pri:0, instance:testcases.TC002_EditLead@4145bad8]" started-at="2024-11-28T17:28:19 IST" name="tearDown" finished-at="2024-11-28T17:28:26 IST" duration-ms="7328" status="PASS">
          <reporter-output>
          </reporter-output>
        </test-method> <!-- tearDown -->
        <test-method is-config="true" signature="postCondition()[pri:0, instance:testcases.TC002_EditLead@4145bad8]" started-at="2024-11-28T17:28:26 IST" name="postCondition" finished-at="2024-11-28T17:28:26 IST" duration-ms="2" status="PASS">
          <reporter-output>
          </reporter-output>
        </test-method> <!-- postCondition -->
      </class> <!-- testcases.TC002_EditLead -->
    </test> <!-- CreateLeadTest -->
  </suite> <!-- Automation Suite -->
</testng-results>
