<?xml version="1.0" encoding="UTF-8"?>
<!-- Generated by org.testng.reporters.JUnitXMLReporter -->
<testsuite ignored="0" hostname="Babus-iMac.local" failures="1" tests="4" name="CreateLeadTest_Playwright_Firefox" time="43.359" errors="0" timestamp="2024-11-28T17:56:13 IST">
  <testcase classname="testcases.TC001_CreateLead" name="runCreateLead" time="4.025"/>
  <testcase classname="testcases.TC003_DuplicateLead" name="runDuplicateLead" time="6.872"/>
  <testcase classname="testcases.TC004_DeleteLead" name="runDeleteLead" time="3.937"/>
  <testcase classname="testcases.TC002_EditLead" name="runEditLead" time="31.237">
    <failure type="com.microsoft.playwright.TimeoutError" message="Error {
  message=&amp;apos;Timeout 30000ms exceeded.
  name=&amp;apos;TimeoutError
  stack=&amp;apos;TimeoutError: Timeout 30000ms exceeded.
    at ProgressController.run (/private/var/folders/f1/lng7fy451dq7fxr4j_f2272m0000gn/T/playwright-java-16838200599598009178/package/lib/server/progress.js:78:26)
    at Frame.click (/private/var/folders/f1/lng7fy451dq7fxr4j_f2272m0000gn/T/playwright-java-16838200599598009178/package/lib/server/frames.js:1013:23)
    at FrameDispatcher.click (/private/var/folders/f1/lng7fy451dq7fxr4j_f2272m0000gn/T/playwright-java-16838200599598009178/package/lib/server/dispatchers/frameDispatcher.js:157:30)
    at FrameDispatcher._handleCommand (/private/var/folders/f1/lng7fy451dq7fxr4j_f2272m0000gn/T/playwright-java-16838200599598009178/package/lib/server/dispatchers/dispatcher.js:94:40)
    at DispatcherConnection.dispatch (/private/var/folders/f1/lng7fy451dq7fxr4j_f2272m0000gn/T/playwright-java-16838200599598009178/package/lib/server/dispatchers/dispatcher.js:361:39)
}
Call log:
- waiting for locator(&amp;quot;xpath=(//div[@class=&amp;apos;x-grid3-cell-inner x-grid3-col-partyId&amp;apos;]/a)[1]&amp;quot;).first()
">
      <![CDATA[com.microsoft.playwright.TimeoutError: Error {
  message='Timeout 30000ms exceeded.
  name='TimeoutError
  stack='TimeoutError: Timeout 30000ms exceeded.
    at ProgressController.run (/private/var/folders/f1/lng7fy451dq7fxr4j_f2272m0000gn/T/playwright-java-16838200599598009178/package/lib/server/progress.js:78:26)
    at Frame.click (/private/var/folders/f1/lng7fy451dq7fxr4j_f2272m0000gn/T/playwright-java-16838200599598009178/package/lib/server/frames.js:1013:23)
    at FrameDispatcher.click (/private/var/folders/f1/lng7fy451dq7fxr4j_f2272m0000gn/T/playwright-java-16838200599598009178/package/lib/server/dispatchers/frameDispatcher.js:157:30)
    at FrameDispatcher._handleCommand (/private/var/folders/f1/lng7fy451dq7fxr4j_f2272m0000gn/T/playwright-java-16838200599598009178/package/lib/server/dispatchers/dispatcher.js:94:40)
    at DispatcherConnection.dispatch (/private/var/folders/f1/lng7fy451dq7fxr4j_f2272m0000gn/T/playwright-java-16838200599598009178/package/lib/server/dispatchers/dispatcher.js:361:39)
}
Call log:
- waiting for locator("xpath=(//div[@class='x-grid3-cell-inner x-grid3-col-partyId']/a)[1]").first()

at com.microsoft.playwright.impl.WaitableResult.get(WaitableResult.java:52)
at com.microsoft.playwright.impl.ChannelOwner.runUntil(ChannelOwner.java:132)
at com.microsoft.playwright.impl.Connection.sendMessage(Connection.java:130)
at com.microsoft.playwright.impl.ChannelOwner.sendMessage(ChannelOwner.java:118)
at com.microsoft.playwright.impl.FrameImpl.clickImpl(FrameImpl.java:252)
at com.microsoft.playwright.impl.FrameImpl.lambda$click$8(FrameImpl.java:243)
at com.microsoft.playwright.impl.LoggingSupport.lambda$withLogging$0(LoggingSupport.java:36)
at com.microsoft.playwright.impl.LoggingSupport.withLogging(LoggingSupport.java:47)
at com.microsoft.playwright.impl.ChannelOwner.withLogging(ChannelOwner.java:97)
at com.microsoft.playwright.impl.LoggingSupport.withLogging(LoggingSupport.java:35)
at com.microsoft.playwright.impl.FrameImpl.click(FrameImpl.java:243)
at com.microsoft.playwright.impl.LocatorImpl.click(LocatorImpl.java:160)
at com.microsoft.playwright.Locator.click(Locator.java:2413)
at com.testleaf.web.element.PwLinkImpl.click(PwLinkImpl.java:13)
at pages.FindLeadPage.clickFirstLead(FindLeadPage.java:70)
at testcases.TC002_EditLead.runEditLead(TC002_EditLead.java:23)
at java.base/java.util.concurrent.ThreadPoolExecutor.runWorker(ThreadPoolExecutor.java:1136)
at java.base/java.util.concurrent.ThreadPoolExecutor$Worker.run(ThreadPoolExecutor.java:635)
at java.base/java.lang.Thread.run(Thread.java:840)
Caused by: com.microsoft.playwright.TimeoutError: Error {
  message='Timeout 30000ms exceeded.
  name='TimeoutError
  stack='TimeoutError: Timeout 30000ms exceeded.
    at ProgressController.run (/private/var/folders/f1/lng7fy451dq7fxr4j_f2272m0000gn/T/playwright-java-16838200599598009178/package/lib/server/progress.js:78:26)
    at Frame.click (/private/var/folders/f1/lng7fy451dq7fxr4j_f2272m0000gn/T/playwright-java-16838200599598009178/package/lib/server/frames.js:1013:23)
    at FrameDispatcher.click (/private/var/folders/f1/lng7fy451dq7fxr4j_f2272m0000gn/T/playwright-java-16838200599598009178/package/lib/server/dispatchers/frameDispatcher.js:157:30)
    at FrameDispatcher._handleCommand (/private/var/folders/f1/lng7fy451dq7fxr4j_f2272m0000gn/T/playwright-java-16838200599598009178/package/lib/server/dispatchers/dispatcher.js:94:40)
    at DispatcherConnection.dispatch (/private/var/folders/f1/lng7fy451dq7fxr4j_f2272m0000gn/T/playwright-java-16838200599598009178/package/lib/server/dispatchers/dispatcher.js:361:39)
}
Call log:
- waiting for locator("xpath=(//div[@class='x-grid3-cell-inner x-grid3-col-partyId']/a)[1]").first()

at com.microsoft.playwright.impl.Connection.dispatch(Connection.java:254)
at com.microsoft.playwright.impl.Connection.processOneMessage(Connection.java:211)
at com.microsoft.playwright.impl.ChannelOwner.runUntil(ChannelOwner.java:130)
... 29 more
... Removed 12 stack frames]]>
    </failure>
  </testcase> <!-- runEditLead -->
</testsuite> <!-- CreateLeadTest_Playwright_Firefox -->
