<?xml version="1.0" encoding="UTF-8"?>
<!-- Generated by org.testng.reporters.JUnitXMLReporter -->
<testsuite ignored="0" hostname="Babus-iMac.local" failures="0" tests="4" name="CreateLeadTest" time="263.834" errors="0" timestamp="2024-11-28T17:30:55 IST">
  <testcase classname="testcases.TC001_CreateLead" name="runCreateLead" time="6.335"/>
  <testcase classname="testcases.TC002_EditLead" name="runEditLead" time="9.313"/>
  <testcase classname="testcases.TC003_DuplicateLead" name="runDuplicateLead" time="11.446"/>
  <testcase classname="testcases.TC004_DeleteLead" name="runDeleteLead" time="8.04"/>
</testsuite> <!-- CreateLeadTest -->
